<?xml version="1.0" encoding="UTF-8"?>
<!-- Generated by org.testng.reporters.JUnitReportReporter -->
<testsuite skipped="0" hostname="Farnaaz-PC" name="com.BusyQa.Hipaat.TestCases.BeHO_TC_018" tests="1" failures="0" timestamp="04 May 2018 13:55:29 GMT" time="11.876" errors="0">
  <testcase name="verifybase53Error" time="11.876" classname="com.BusyQa.Hipaat.TestCases.BeHO_TC_018"/>
</testsuite> <!-- com.BusyQa.Hipaat.TestCases.BeHO_TC_018 -->
