<?xml version="1.0" encoding="UTF-8"?>
<!-- Generated by org.testng.reporters.JUnitReportReporter -->
<testsuite skipped="0" hostname="Farnaaz-PC" name="com.BusyQa.Hipaat.TestCases.BeHO_TC_007" tests="1" failures="0" timestamp="04 May 2018 14:09:32 GMT" time="80.972" errors="0">
  <testcase name="TC_007_conflictpolicy" time="80.972" classname="com.BusyQa.Hipaat.TestCases.BeHO_TC_007"/>
</testsuite> <!-- com.BusyQa.Hipaat.TestCases.BeHO_TC_007 -->
