<?xml version="1.0" encoding="UTF-8"?>
<!-- Generated by org.testng.reporters.JUnitReportReporter -->
<testsuite skipped="0" hostname="Farnaaz-PC" name="com.BusyQa.Hipaat.TestCases.BeHO_TC_008" tests="1" failures="0" timestamp="04 May 2018 13:55:29 GMT" time="29.562" errors="0">
  <testcase name="verifySecurityalert" time="29.562" classname="com.BusyQa.Hipaat.TestCases.BeHO_TC_008"/>
</testsuite> <!-- com.BusyQa.Hipaat.TestCases.BeHO_TC_008 -->
