<?xml version="1.0" encoding="UTF-8"?>
<!-- Generated by org.testng.reporters.JUnitReportReporter -->
<testsuite skipped="0" hostname="Farnaaz-PC" name="com.BusyQa.Hipaat.TestCases.BeHO_TC_009" tests="1" failures="0" timestamp="04 May 2018 14:24:47 GMT" time="31.169" errors="0">
  <testcase name="TC_009_verifyacknowldg" time="31.169" classname="com.BusyQa.Hipaat.TestCases.BeHO_TC_009"/>
</testsuite> <!-- com.BusyQa.Hipaat.TestCases.BeHO_TC_009 -->
